#Here you'll find a log of information stored after an instance duplication detection!
#File will not be read, is simply a log
Date : Jan 23, 2024 7:20:45 AM
Name : phantantri
UUID : ba76a4aa-989a-3c59-9237-ef1e60d4d5ec
Key Type : LOCALKEY_example
Key Stack Quantity : 1
--------------------------------
Date : Jan 23, 2024 7:20:53 AM
Name : phantantri
UUID : ba76a4aa-989a-3c59-9237-ef1e60d4d5ec
Key Type : LOCALKEY_example
Key Stack Quantity : 1
--------------------------------
Date : Jan 23, 2024 7:21:04 AM
Name : phantantri
UUID : ba76a4aa-989a-3c59-9237-ef1e60d4d5ec
Key Type : LOCALKEY_example
Key Stack Quantity : 1
--------------------------------
Date : Jan 23, 2024 7:21:09 AM
Name : phantantri
UUID : ba76a4aa-989a-3c59-9237-ef1e60d4d5ec
Key Type : LOCALKEY_example
Key Stack Quantity : 1
--------------------------------
Date : Jan 23, 2024 7:21:14 AM
Name : phantantri
UUID : ba76a4aa-989a-3c59-9237-ef1e60d4d5ec
Key Type : LOCALKEY_example
Key Stack Quantity : 1
--------------------------------
Date : Jan 23, 2024 7:21:31 AM
Name : phantantri
UUID : ba76a4aa-989a-3c59-9237-ef1e60d4d5ec
Key Type : LOCALKEY_fortune
Key Stack Quantity : 1
--------------------------------
Date : Jan 23, 2024 7:30:23 AM
Name : phantantri
UUID : ba76a4aa-989a-3c59-9237-ef1e60d4d5ec
Key Type : LOCALKEY_example
Key Stack Quantity : 1
--------------------------------
Date : Jan 25, 2024 2:30:28 PM
Name : lilHAHA
UUID : 5187e972-d819-3aae-bcfa-a340ba700930
Key Type : LOCALKEY_example
Key Stack Quantity : 1
--------------------------------
Date : Jan 25, 2024 2:30:30 PM
Name : lilHAHA
UUID : 5187e972-d819-3aae-bcfa-a340ba700930
Key Type : LOCALKEY_example
Key Stack Quantity : 1
--------------------------------
Date : Jan 25, 2024 2:30:40 PM
Name : lilHAHA
UUID : 5187e972-d819-3aae-bcfa-a340ba700930
Key Type : LOCALKEY_example
Key Stack Quantity : 1
--------------------------------
Date : Jan 25, 2024 2:56:56 PM
Name : lilHAHA
UUID : 5187e972-d819-3aae-bcfa-a340ba700930
Key Type : LOCALKEY_example
Key Stack Quantity : 1
--------------------------------
Date : Jan 25, 2024 2:57:03 PM
Name : lilHAHA
UUID : 5187e972-d819-3aae-bcfa-a340ba700930
Key Type : LOCALKEY_example
Key Stack Quantity : 1
--------------------------------
